Using pre-set license
Built from '2020.3/staging' branch; Version is '2020.3.21f1 (a38c86f6690f) revision 10718342'; Using compiler version '192528614'; Build Type 'Release'
OS: 'Windows 10 Home Single Language; OS build 22000.469; Version 2009; 64bit' Language: 'en' Physical Memory: 32610 MB
BatchMode: 1, IsHumanControllingUs: 0, StartBugReporterOnCrash: 0, Is64bit: 1, IsPro: 0

COMMAND LINE ARGUMENTS:
C:\Program Files\Unity\Hub\Editor\2020.3.21f1\Editor\Unity.exe
-adb2
-batchMode
-noUpm
-name
AssetImportWorker0
-projectPath
V:/work/My Projects/Unity Projects/Project-5_Multiplayer_Photon
-logFile
Logs/AssetImportWorker0.log
-srvPort
51407
Successfully changed project path to: V:/work/My Projects/Unity Projects/Project-5_Multiplayer_Photon
V:/work/My Projects/Unity Projects/Project-5_Multiplayer_Photon
Using Asset Import Pipeline V2.
Refreshing native plugins compatible for Editor in 95.50 ms, found 3 plugins.
Preloading 0 native plugins for Editor in 0.00 ms.
Initialize engine version: 2020.3.21f1 (a38c86f6690f)
[Subsystems] Discovering subsystems at path C:/Program Files/Unity/Hub/Editor/2020.3.21f1/Editor/Data/Resources/UnitySubsystems
[Subsystems] Discovering subsystems at path V:/work/My Projects/Unity Projects/Project-5_Multiplayer_Photon/Assets
GfxDevice: creating device client; threaded=0
Direct3D:
    Version:  Direct3D 11.0 [level 11.1]
    Renderer: NVIDIA GeForce GTX 1060 (ID=0x1c20)
    Vendor:   
    VRAM:     6052 MB
    Driver:   30.0.14.7284
Shader 'WFX/Transparent Specular': fallback shader 'Particles/Alpha Blended' not found
Shader 'WFX/Transparent Diffuse': fallback shader 'Particles/Alpha Blended' not found
Initialize mono
Mono path[0] = 'C:/Program Files/Unity/Hub/Editor/2020.3.21f1/Editor/Data/Managed'
Mono path[1] = 'C:/Program Files/Unity/Hub/Editor/2020.3.21f1/Editor/Data/MonoBleedingEdge/lib/mono/unityjit'
Mono config path = 'C:/Program Files/Unity/Hub/Editor/2020.3.21f1/Editor/Data/MonoBleedingEdge/etc'
Using monoOptions --debugger-agent=transport=dt_socket,embedding=1,server=y,suspend=n,address=127.0.0.1:56408
Begin MonoManager ReloadAssembly
Registering precompiled unity dll's ...
Register platform support module: C:/Program Files/Unity/Hub/Editor/2020.3.21f1/Editor/Data/PlaybackEngines/WindowsStandaloneSupport/UnityEditor.WindowsStandalone.Extensions.dll
Registered in 0.002377 seconds.
Native extension for WindowsStandalone target not found
Refreshing native plugins compatible for Editor in 109.77 ms, found 3 plugins.
Preloading 0 native plugins for Editor in 0.00 ms.
Mono: successfully reloaded assembly
- Completed reload, in  3.340 seconds
Domain Reload Profiling:
	ReloadAssembly (3341ms)
		BeginReloadAssembly (90ms)
			ExecutionOrderSort (0ms)
			DisableScriptedObjects (0ms)
			BackupInstance (0ms)
			ReleaseScriptingObjects (0ms)
			CreateAndSetChildDomain (1ms)
		EndReloadAssembly (895ms)
			LoadAssemblies (87ms)
			RebuildTransferFunctionScriptingTraits (0ms)
			SetupTypeCache (296ms)
			ReleaseScriptCaches (0ms)
			RebuildScriptCaches (58ms)
			SetupLoadedEditorAssemblies (367ms)
				LogAssemblyErrors (0ms)
				InitializePlatformSupportModulesInManaged (7ms)
				SetLoadedEditorAssemblies (0ms)
				RefreshPlugins (110ms)
				BeforeProcessingInitializeOnLoad (28ms)
				ProcessInitializeOnLoadAttributes (160ms)
				ProcessInitializeOnLoadMethodAttributes (61ms)
				AfterProcessingInitializeOnLoad (0ms)
				EditorAssembliesLoaded (0ms)
			ExecutionOrderSort2 (0ms)
			AwakeInstancesAfterBackupRestoration (0ms)
Platform modules already initialized, skipping
Registering precompiled user dll's ...
Registered in 0.007755 seconds.
Begin MonoManager ReloadAssembly
Native extension for WindowsStandalone target not found
Refreshing native plugins compatible for Editor in 0.98 ms, found 3 plugins.
Preloading 0 native plugins for Editor in 0.00 ms.
Mono: successfully reloaded assembly
- Completed reload, in  2.099 seconds
Domain Reload Profiling:
	ReloadAssembly (2100ms)
		BeginReloadAssembly (291ms)
			ExecutionOrderSort (0ms)
			DisableScriptedObjects (10ms)
			BackupInstance (0ms)
			ReleaseScriptingObjects (0ms)
			CreateAndSetChildDomain (34ms)
		EndReloadAssembly (1688ms)
			LoadAssemblies (168ms)
			RebuildTransferFunctionScriptingTraits (0ms)
			SetupTypeCache (639ms)
			ReleaseScriptCaches (1ms)
			RebuildScriptCaches (103ms)
			SetupLoadedEditorAssemblies (590ms)
				LogAssemblyErrors (0ms)
				InitializePlatformSupportModulesInManaged (10ms)
				SetLoadedEditorAssemblies (1ms)
				RefreshPlugins (1ms)
				BeforeProcessingInitializeOnLoad (161ms)
				ProcessInitializeOnLoadAttributes (385ms)
				ProcessInitializeOnLoadMethodAttributes (25ms)
				AfterProcessingInitializeOnLoad (8ms)
				EditorAssembliesLoaded (0ms)
			ExecutionOrderSort2 (0ms)
			AwakeInstancesAfterBackupRestoration (11ms)
Platform modules already initialized, skipping
========================================================================
Worker process is ready to serve import requests
Shader 'WFX/Transparent Specular': fallback shader 'Particles/Alpha Blended' not found
Shader 'WFX/Transparent Diffuse': fallback shader 'Particles/Alpha Blended' not found
Launched and connected shader compiler UnityShaderCompiler.exe after 0.13 seconds
Refreshing native plugins compatible for Editor in 0.83 ms, found 3 plugins.
Preloading 0 native plugins for Editor in 0.00 ms.
Unloading 2368 Unused Serialized files (Serialized files now loaded: 0)
System memory in use before: 107.4 MB.
System memory in use after: 107.6 MB.

Unloading 30 unused Assets to reduce memory usage. Loaded Objects now: 2798.
Total: 5.103900 ms (FindLiveObjects: 0.275300 ms CreateObjectMapping: 0.148900 ms MarkObjects: 4.530300 ms  DeleteObjects: 0.147900 ms)

AssetImportParameters requested are different than current active one (requested -> active):
  custom:framework-win-MediaFoundation: 216162199b28c13a410421893ffa2e32 -> 
  custom:video-decoder-ogg-theora: a1e56fd34408186e4bbccfd4996cb3dc -> 
  custom:container-muxer-webm: aa71ff27fc2769a1b78a27578f13a17b -> 
  custom:container-demuxer-webm: 4f35f7cbe854078d1ac9338744f61a02 -> 
  custom:container-demuxer-ogg: 62fdf1f143b41e24485cea50d1cbac27 -> 
  custom:video-encoder-webm-vp8: eb34c28f22e8b96e1ab97ce403110664 -> 
  custom:video-decoder-webm-vp8: 9c59270c3fd7afecdb556c50c9e8de78 -> 
  custom:audio-decoder-ogg-vorbis: bf7c407c2cedff20999df2af8eb42d56 -> 
  custom:audio-encoder-webm-vorbis: bf7c407c2cedff20999df2af8eb42d56 -> 
========================================================================
Received Import Request.
  path: Assets/PhotonUnityFromDocumentation/Room for 1.unity
  artifactKey: Guid(68e5da8f24b5c5a418069416f312a570) Importer(815301076,1909f56bfc062723c751e8b465ee728b)
Start importing Assets/PhotonUnityFromDocumentation/Room for 1.unity using Guid(68e5da8f24b5c5a418069416f312a570) Importer(815301076,1909f56bfc062723c751e8b465ee728b)  -> (artifact id: 'ec119bfee3e53d5aebca7419ae842a16') in 0.068143 seconds 
  Import took 0.074627 seconds .

========================================================================
Received Import Request.
  Time since last request: 0.077758 seconds.
  path: Assets/PhotonUnityFromDocumentation/Room for 4.unity
  artifactKey: Guid(7e5491d826e7cd6468fc9798bd651660) Importer(815301076,1909f56bfc062723c751e8b465ee728b)
Start importing Assets/PhotonUnityFromDocumentation/Room for 4.unity using Guid(7e5491d826e7cd6468fc9798bd651660) Importer(815301076,1909f56bfc062723c751e8b465ee728b)  -> (artifact id: '645c1477373c641cccd49881e772c15e') in 0.046731 seconds 
  Import took 0.053944 seconds .

========================================================================
Received Import Request.
  Time since last request: 0.713350 seconds.
  path: Assets/PhotonUnityFromDocumentation/Room for 3.unity
  artifactKey: Guid(87a29c33b5e1498439657d5751f12238) Importer(815301076,1909f56bfc062723c751e8b465ee728b)
Start importing Assets/PhotonUnityFromDocumentation/Room for 3.unity using Guid(87a29c33b5e1498439657d5751f12238) Importer(815301076,1909f56bfc062723c751e8b465ee728b)  -> (artifact id: 'f57fc130f9d28aa2d444bde17bf6874e') in 0.019874 seconds 
  Import took 0.027836 seconds .

========================================================================
Received Import Request.
  Time since last request: 0.483995 seconds.
  path: Assets/PhotonUnityFromDocumentation/Room for 2.unity
  artifactKey: Guid(e1e28d8b2cde414498824ded6563ca9e) Importer(815301076,1909f56bfc062723c751e8b465ee728b)
Start importing Assets/PhotonUnityFromDocumentation/Room for 2.unity using Guid(e1e28d8b2cde414498824ded6563ca9e) Importer(815301076,1909f56bfc062723c751e8b465ee728b)  -> (artifact id: 'ed6bfa30eb6e67c080e106f4a933fe16') in 0.053662 seconds 
  Import took 0.059300 seconds .

========================================================================
Received Import Request.
  Time since last request: 13.608183 seconds.
  path: Assets/TPS/Photon/PhotonUnityNetworking/Demos/PunBasics-Tutorial/Scenes/PunBasics-Room for 1.unity
  artifactKey: Guid(9b8561c6e396849a5ba48c3eb9524049) Importer(815301076,1909f56bfc062723c751e8b465ee728b)
Start importing Assets/TPS/Photon/PhotonUnityNetworking/Demos/PunBasics-Tutorial/Scenes/PunBasics-Room for 1.unity using Guid(9b8561c6e396849a5ba48c3eb9524049) Importer(815301076,1909f56bfc062723c751e8b465ee728b)  -> (artifact id: '7ec537da08b3a92634c464f58064021f') in 0.016009 seconds 
  Import took 0.021587 seconds .

========================================================================
Received Import Request.
  Time since last request: 190.527579 seconds.
  path: Assets/PhotonUnityFromDocumentation/Kyle test.unity
  artifactKey: Guid(84383ae1d65739a48a1df719ed4854fa) Importer(815301076,1909f56bfc062723c751e8b465ee728b)
Start importing Assets/PhotonUnityFromDocumentation/Kyle test.unity using Guid(84383ae1d65739a48a1df719ed4854fa) Importer(815301076,1909f56bfc062723c751e8b465ee728b)  -> (artifact id: '9d9faaa8e2222a05745351785c8fef14') in 0.050405 seconds 
  Import took 0.056754 seconds .

========================================================================
Received Import Request.
  Time since last request: 18.429042 seconds.
  path: Assets/TPS/Photon/PhotonUnityNetworking/Demos/PunCockpit/PunCockpit-Scene.unity
  artifactKey: Guid(9d6d60c803e244e51ba945a84b88757d) Importer(815301076,1909f56bfc062723c751e8b465ee728b)
Start importing Assets/TPS/Photon/PhotonUnityNetworking/Demos/PunCockpit/PunCockpit-Scene.unity using Guid(9d6d60c803e244e51ba945a84b88757d) Importer(815301076,1909f56bfc062723c751e8b465ee728b)  -> (artifact id: '27755960fb11ab616eb24208da7bc74b') in 0.022864 seconds 
  Import took 0.047493 seconds .

========================================================================
Received Import Request.
  Time since last request: 25.536828 seconds.
  path: Assets/JMO Assets/WarFX/Demo/WarFX Demo New.unity
  artifactKey: Guid(c3f02a419ecea464bbd721a17732b8d2) Importer(815301076,1909f56bfc062723c751e8b465ee728b)
Start importing Assets/JMO Assets/WarFX/Demo/WarFX Demo New.unity using Guid(c3f02a419ecea464bbd721a17732b8d2) Importer(815301076,1909f56bfc062723c751e8b465ee728b)  -> (artifact id: 'bb9f5d5d46e1918ce3fb91b3d4f1e9ca') in 0.014035 seconds 
  Import took 0.020872 seconds .

========================================================================
Received Import Request.
  Time since last request: 1.005472 seconds.
  path: Assets/TPS/Photon/PhotonUnityNetworking/Demos/DemoSlotRacer/SlotCar-Scene.unity
  artifactKey: Guid(711b38c07f2cf904f81b3422c67f1825) Importer(815301076,1909f56bfc062723c751e8b465ee728b)
Start importing Assets/TPS/Photon/PhotonUnityNetworking/Demos/DemoSlotRacer/SlotCar-Scene.unity using Guid(711b38c07f2cf904f81b3422c67f1825) Importer(815301076,1909f56bfc062723c751e8b465ee728b)  -> (artifact id: '9319b0c06b57ba8520de6fdbd9029e5f') in 0.012388 seconds 
  Import took 0.037411 seconds .

========================================================================
Received Import Request.
  Time since last request: 10.932726 seconds.
  path: Assets/TPS/Photon/PhotonUnityNetworking/Demos/PunBasics-Tutorial/Scenes/PunBasics-Room for 4.unity
  artifactKey: Guid(e7a7f9734636d415ca84ef3aaf7680f6) Importer(815301076,1909f56bfc062723c751e8b465ee728b)
Start importing Assets/TPS/Photon/PhotonUnityNetworking/Demos/PunBasics-Tutorial/Scenes/PunBasics-Room for 4.unity using Guid(e7a7f9734636d415ca84ef3aaf7680f6) Importer(815301076,1909f56bfc062723c751e8b465ee728b)  -> (artifact id: '2122f72cc02536a99cc0a8702f926126') in 0.013259 seconds 
  Import took 0.018366 seconds .

========================================================================
Received Import Request.
  Time since last request: 13.920630 seconds.
  path: Assets/Yurowm/Demo/Demo Sci-Fi Soldier.unity
  artifactKey: Guid(a9d8c3873ba17f644b196f3280af9a80) Importer(815301076,1909f56bfc062723c751e8b465ee728b)
Start importing Assets/Yurowm/Demo/Demo Sci-Fi Soldier.unity using Guid(a9d8c3873ba17f644b196f3280af9a80) Importer(815301076,1909f56bfc062723c751e8b465ee728b)  -> (artifact id: 'a50ab2d020cfd99c44026ab4cfbea2fd') in 0.025412 seconds 
  Import took 0.030810 seconds .

========================================================================
Received Import Request.
  Time since last request: 1.968774 seconds.
  path: Assets/TPS/Photon/PhotonUnityNetworking/Demos/DemoAsteroids/Scenes/DemoAsteroids-GameScene.unity
  artifactKey: Guid(98efc37d6307844488eb3e4247dde7e9) Importer(815301076,1909f56bfc062723c751e8b465ee728b)
Start importing Assets/TPS/Photon/PhotonUnityNetworking/Demos/DemoAsteroids/Scenes/DemoAsteroids-GameScene.unity using Guid(98efc37d6307844488eb3e4247dde7e9) Importer(815301076,1909f56bfc062723c751e8b465ee728b)  -> (artifact id: '297dfb6708ab32b2d1968ff4fe48dc47') in 0.014576 seconds 
  Import took 0.022145 seconds .

========================================================================
Received Import Request.
  Time since last request: 1.775934 seconds.
  path: Assets/TPS/Photon/PhotonUnityNetworking/Demos/DemoAsteroids/Scenes/DemoAsteroids-LobbyScene.unity
  artifactKey: Guid(c8a9d1312a49dc8488a9b32d83d659c7) Importer(815301076,1909f56bfc062723c751e8b465ee728b)
Start importing Assets/TPS/Photon/PhotonUnityNetworking/Demos/DemoAsteroids/Scenes/DemoAsteroids-LobbyScene.unity using Guid(c8a9d1312a49dc8488a9b32d83d659c7) Importer(815301076,1909f56bfc062723c751e8b465ee728b)  -> (artifact id: 'd926b2706b581074a6a42526fd09dda7') in 0.021526 seconds 
  Import took 0.027171 seconds .

========================================================================
Received Import Request.
  Time since last request: 5.214790 seconds.
  path: Assets/TPS/Photon/PhotonRealtime/Demos/DemoLoadBalancing/DemoLoadBalancing-Scene.unity
  artifactKey: Guid(a73b0cac1a73cc346aaeb5f8dd0b53f1) Importer(815301076,1909f56bfc062723c751e8b465ee728b)
Start importing Assets/TPS/Photon/PhotonRealtime/Demos/DemoLoadBalancing/DemoLoadBalancing-Scene.unity using Guid(a73b0cac1a73cc346aaeb5f8dd0b53f1) Importer(815301076,1909f56bfc062723c751e8b465ee728b)  -> (artifact id: '3866faa8aa45b7434ba3af9970352285') in 0.019484 seconds 
  Import took 0.074489 seconds .

========================================================================
Received Import Request.
  Time since last request: 3.089526 seconds.
  path: Assets/Joystick Pack/Examples/Example Scene.unity
  artifactKey: Guid(82a75f5ef49f7314aab0c57317a20b6c) Importer(815301076,1909f56bfc062723c751e8b465ee728b)
Start importing Assets/Joystick Pack/Examples/Example Scene.unity using Guid(82a75f5ef49f7314aab0c57317a20b6c) Importer(815301076,1909f56bfc062723c751e8b465ee728b)  -> (artifact id: '2db76ea92a50a8e250d31114ac9ce7d2') in 0.015791 seconds 
  Import took 0.021573 seconds .

========================================================================
Received Import Request.
  Time since last request: 35.732950 seconds.
  path: Assets/Scenes/PortalTestScenes
  artifactKey: Guid(313effb5702b60048a9efc186f00d282) Importer(815301076,1909f56bfc062723c751e8b465ee728b)
Start importing Assets/Scenes/PortalTestScenes using Guid(313effb5702b60048a9efc186f00d282) Importer(815301076,1909f56bfc062723c751e8b465ee728b)  -> (artifact id: 'a94902fe199a6c124da9c4b5b4edf12c') in 0.016190 seconds 
  Import took 0.022437 seconds .

========================================================================
Received Import Request.
  Time since last request: 22.389549 seconds.
  path: Assets/PhotonUnityFromDocumentation/Room for 5.unity
  artifactKey: Guid(0a69768e5e9dec7428b4186db535f432) Importer(815301076,1909f56bfc062723c751e8b465ee728b)
Start importing Assets/PhotonUnityFromDocumentation/Room for 5.unity using Guid(0a69768e5e9dec7428b4186db535f432) Importer(815301076,1909f56bfc062723c751e8b465ee728b)  -> (artifact id: '04c5958870359bfcfa1816c9f803879c') in 0.013819 seconds 
  Import took 0.026108 seconds .

========================================================================
Received Import Request.
  Time since last request: 12.650294 seconds.
  path: Assets/Scenes/PortalTestScenes/Portal Room for 1.unity
  artifactKey: Guid(0a69768e5e9dec7428b4186db535f432) Importer(815301076,1909f56bfc062723c751e8b465ee728b)
Start importing Assets/Scenes/PortalTestScenes/Portal Room for 1.unity using Guid(0a69768e5e9dec7428b4186db535f432) Importer(815301076,1909f56bfc062723c751e8b465ee728b)  -> (artifact id: 'a95fd3fb33ca8856058c52275106b037') in 0.015264 seconds 
  Import took 0.021914 seconds .

========================================================================
Received Import Request.
  Time since last request: 206.470392 seconds.
  path: Assets/Scenes/PortalTestScenes/Portal Room for 1.unity
  artifactKey: Guid(0a69768e5e9dec7428b4186db535f432) Importer(815301076,1909f56bfc062723c751e8b465ee728b)
Start importing Assets/Scenes/PortalTestScenes/Portal Room for 1.unity using Guid(0a69768e5e9dec7428b4186db535f432) Importer(815301076,1909f56bfc062723c751e8b465ee728b)  -> (artifact id: '9b9ed1a416e935c6ae5f25e591b37e57') in 0.006680 seconds 
  Import took 0.015098 seconds .

========================================================================
Received Import Request.
  Time since last request: 62.540548 seconds.
  path: Assets/Scenes/PortalTestScenes/Portal Room for 1.unity
  artifactKey: Guid(0a69768e5e9dec7428b4186db535f432) Importer(815301076,1909f56bfc062723c751e8b465ee728b)
Start importing Assets/Scenes/PortalTestScenes/Portal Room for 1.unity using Guid(0a69768e5e9dec7428b4186db535f432) Importer(815301076,1909f56bfc062723c751e8b465ee728b)  -> (artifact id: '5da8b3585f24736d6cf2c06470429a7a') in 0.005547 seconds 
  Import took 0.013901 seconds .

========================================================================
Received Import Request.
  Time since last request: 964.602991 seconds.
  path: Assets/Resources/PortalPrefabs
  artifactKey: Guid(27f16c7406d57ab41bf41a42f9331c61) Importer(815301076,1909f56bfc062723c751e8b465ee728b)
Start importing Assets/Resources/PortalPrefabs using Guid(27f16c7406d57ab41bf41a42f9331c61) Importer(815301076,1909f56bfc062723c751e8b465ee728b)  -> (artifact id: '6ba27bfd23fc80de5532bfe8fd40364a') in 0.020196 seconds 
  Import took 0.040060 seconds .

========================================================================
Received Import Request.
  Time since last request: 7.514411 seconds.
  path: Assets/Resources/PortalPrefabs/PortalGun.FBX
  artifactKey: Guid(1868c627ac703ee4d8bf9125cdb46c28) Importer(815301076,1909f56bfc062723c751e8b465ee728b)
Start importing Assets/Resources/PortalPrefabs/PortalGun.FBX using Guid(1868c627ac703ee4d8bf9125cdb46c28) Importer(815301076,1909f56bfc062723c751e8b465ee728b)  -> (artifact id: '8619808e4202dc9b2e39af8271cf6437') in 0.292973 seconds 
  Import took 0.298780 seconds .

========================================================================
Received Import Request.
  Time since last request: 29.123593 seconds.
  path: Assets/Resources/PortalPrefabs/PortalGun.FBX
  artifactKey: Guid(1868c627ac703ee4d8bf9125cdb46c28) Importer(815301076,1909f56bfc062723c751e8b465ee728b)
Start importing Assets/Resources/PortalPrefabs/PortalGun.FBX using Guid(1868c627ac703ee4d8bf9125cdb46c28) Importer(815301076,1909f56bfc062723c751e8b465ee728b)  -> (artifact id: '43cae47282cfaa08e9e9a6bdacc4dec2') in 0.043397 seconds 
  Import took 0.049812 seconds .

========================================================================
Received Import Request.
  Time since last request: 108.571172 seconds.
  path: Assets/Resources/PortalResources
  artifactKey: Guid(27f16c7406d57ab41bf41a42f9331c61) Importer(815301076,1909f56bfc062723c751e8b465ee728b)
Start importing Assets/Resources/PortalResources using Guid(27f16c7406d57ab41bf41a42f9331c61) Importer(815301076,1909f56bfc062723c751e8b465ee728b)  -> (artifact id: 'a80aee6c53224b8212c063baf8763b4e') in 0.012511 seconds 
  Import took 0.018591 seconds .

========================================================================
Received Import Request.
  Time since last request: 35.714500 seconds.
  path: Assets/PortalResources/PortalGun.prefab
  artifactKey: Guid(79b7489b43b2b5a4d84ca7fca3ccacc2) Importer(815301076,1909f56bfc062723c751e8b465ee728b)
Start importing Assets/PortalResources/PortalGun.prefab using Guid(79b7489b43b2b5a4d84ca7fca3ccacc2) Importer(815301076,1909f56bfc062723c751e8b465ee728b)  -> (artifact id: '1f261b2258a2f0f59dd0b8044de66b9e') in 0.041996 seconds 
  Import took 0.048464 seconds .

========================================================================
Received Import Request.
  Time since last request: 22.337931 seconds.
  path: Assets/Controllers/MySniperRifleController.controller
  artifactKey: Guid(5ee42c4b2c174f54687457e74407d6c3) Importer(815301076,1909f56bfc062723c751e8b465ee728b)
Start importing Assets/Controllers/MySniperRifleController.controller using Guid(5ee42c4b2c174f54687457e74407d6c3) Importer(815301076,1909f56bfc062723c751e8b465ee728b)  -> (artifact id: '9339adb05d514896cd8b6c34ed9968d1') in 0.027002 seconds 
  Import took 0.044777 seconds .

========================================================================
Received Import Request.
  Time since last request: 4.559089 seconds.
  path: Assets/Controllers/MyFreeHandController.controller
  artifactKey: Guid(5216b4eca205efd409ff51031f4fd291) Importer(815301076,1909f56bfc062723c751e8b465ee728b)
Start importing Assets/Controllers/MyFreeHandController.controller using Guid(5216b4eca205efd409ff51031f4fd291) Importer(815301076,1909f56bfc062723c751e8b465ee728b)  -> (artifact id: '00def3bca83bfc652e14cc0ff65aaafb') in 0.029588 seconds 
  Import took 0.054457 seconds .

========================================================================
Received Import Request.
  Time since last request: 14.474082 seconds.
  path: Assets/Controllers/MySniperRifleController 1.controller
  artifactKey: Guid(6c864bcd65a4f7c48867052a12532e7c) Importer(815301076,1909f56bfc062723c751e8b465ee728b)
Start importing Assets/Controllers/MySniperRifleController 1.controller using Guid(6c864bcd65a4f7c48867052a12532e7c) Importer(815301076,1909f56bfc062723c751e8b465ee728b)  -> (artifact id: '1ac6182941004ddf389b85d7983f7c1b') in 0.022038 seconds 
  Import took 0.029643 seconds .

========================================================================
Received Import Request.
  Time since last request: 20.794615 seconds.
  path: Assets/Controllers/MyPortalController.controller
  artifactKey: Guid(6c864bcd65a4f7c48867052a12532e7c) Importer(815301076,1909f56bfc062723c751e8b465ee728b)
Start importing Assets/Controllers/MyPortalController.controller using Guid(6c864bcd65a4f7c48867052a12532e7c) Importer(815301076,1909f56bfc062723c751e8b465ee728b)  -> (artifact id: 'cb416f73fc1bf15df9f61ed72bd06834') in 0.036087 seconds 
  Import took 0.043094 seconds .

========================================================================
Received Prepare
Registering precompiled user dll's ...
Registered in 0.542060 seconds.
Begin MonoManager ReloadAssembly
Native extension for WindowsStandalone target not found
Refreshing native plugins compatible for Editor in 1.04 ms, found 3 plugins.
Preloading 0 native plugins for Editor in 0.00 ms.
Mono: successfully reloaded assembly
- Completed reload, in  3.890 seconds
Domain Reload Profiling:
	ReloadAssembly (3899ms)
		BeginReloadAssembly (743ms)
			ExecutionOrderSort (0ms)
			DisableScriptedObjects (63ms)
			BackupInstance (0ms)
			ReleaseScriptingObjects (1ms)
			CreateAndSetChildDomain (441ms)
		EndReloadAssembly (3007ms)
			LoadAssemblies (1232ms)
			RebuildTransferFunctionScriptingTraits (0ms)
			SetupTypeCache (703ms)
			ReleaseScriptCaches (2ms)
			RebuildScriptCaches (102ms)
			SetupLoadedEditorAssemblies (751ms)
				LogAssemblyErrors (0ms)
				InitializePlatformSupportModulesInManaged (14ms)
				SetLoadedEditorAssemblies (2ms)
				RefreshPlugins (1ms)
				BeforeProcessingInitializeOnLoad (174ms)
				ProcessInitializeOnLoadAttributes (512ms)
				ProcessInitializeOnLoadMethodAttributes (37ms)
				AfterProcessingInitializeOnLoad (11ms)
				EditorAssembliesLoaded (0ms)
			ExecutionOrderSort2 (0ms)
			AwakeInstancesAfterBackupRestoration (22ms)
Platform modules already initialized, skipping
Shader 'WFX/Transparent Specular': fallback shader 'Particles/Alpha Blended' not found
Shader 'WFX/Transparent Diffuse': fallback shader 'Particles/Alpha Blended' not found
Refreshing native plugins compatible for Editor in 1.24 ms, found 3 plugins.
Preloading 0 native plugins for Editor in 0.00 ms.
Unloading 2330 Unused Serialized files (Serialized files now loaded: 0)
System memory in use before: 107.6 MB.
System memory in use after: 107.8 MB.

Unloading 22 unused Assets to reduce memory usage. Loaded Objects now: 2844.
Total: 6.158500 ms (FindLiveObjects: 0.327700 ms CreateObjectMapping: 0.164000 ms MarkObjects: 5.598100 ms  DeleteObjects: 0.066400 ms)

AssetImportParameters requested are different than current active one (requested -> active):
  custom:framework-win-MediaFoundation: 216162199b28c13a410421893ffa2e32 -> 
  custom:video-decoder-ogg-theora: a1e56fd34408186e4bbccfd4996cb3dc -> 
  custom:container-muxer-webm: aa71ff27fc2769a1b78a27578f13a17b -> 
  custom:container-demuxer-webm: 4f35f7cbe854078d1ac9338744f61a02 -> 
  custom:container-demuxer-ogg: 62fdf1f143b41e24485cea50d1cbac27 -> 
  custom:video-encoder-webm-vp8: eb34c28f22e8b96e1ab97ce403110664 -> 
  custom:video-decoder-webm-vp8: 9c59270c3fd7afecdb556c50c9e8de78 -> 
  custom:audio-decoder-ogg-vorbis: bf7c407c2cedff20999df2af8eb42d56 -> 
  custom:audio-encoder-webm-vorbis: bf7c407c2cedff20999df2af8eb42d56 -> 
========================================================================
Received Import Request.
  Time since last request: 23090.969489 seconds.
  path: Assets/Yurowm/Demo/Scripts/Actions.cs
  artifactKey: Guid(a85c5e349cb17df4b85883ea088c2f95) Importer(815301076,1909f56bfc062723c751e8b465ee728b)
Start importing Assets/Yurowm/Demo/Scripts/Actions.cs using Guid(a85c5e349cb17df4b85883ea088c2f95) Importer(815301076,1909f56bfc062723c751e8b465ee728b)  -> (artifact id: '8575c912eacdce1bee1b230c17ce6d7d') in 0.090059 seconds 
  Import took 0.139778 seconds .

========================================================================
Received Prepare
Registering precompiled user dll's ...
Registered in 0.577238 seconds.
Begin MonoManager ReloadAssembly
Native extension for WindowsStandalone target not found
Refreshing native plugins compatible for Editor in 1.03 ms, found 3 plugins.
Preloading 0 native plugins for Editor in 0.00 ms.
Mono: successfully reloaded assembly
- Completed reload, in  5.692 seconds
Domain Reload Profiling:
	ReloadAssembly (5702ms)
		BeginReloadAssembly (512ms)
			ExecutionOrderSort (0ms)
			DisableScriptedObjects (66ms)
			BackupInstance (0ms)
			ReleaseScriptingObjects (1ms)
			CreateAndSetChildDomain (255ms)
		EndReloadAssembly (5010ms)
			LoadAssemblies (3483ms)
			RebuildTransferFunctionScriptingTraits (0ms)
			SetupTypeCache (638ms)
			ReleaseScriptCaches (1ms)
			RebuildScriptCaches (78ms)
			SetupLoadedEditorAssemblies (601ms)
				LogAssemblyErrors (0ms)
				InitializePlatformSupportModulesInManaged (11ms)
				SetLoadedEditorAssemblies (1ms)
				RefreshPlugins (1ms)
				BeforeProcessingInitializeOnLoad (169ms)
				ProcessInitializeOnLoadAttributes (388ms)
				ProcessInitializeOnLoadMethodAttributes (22ms)
				AfterProcessingInitializeOnLoad (9ms)
				EditorAssembliesLoaded (0ms)
			ExecutionOrderSort2 (0ms)
			AwakeInstancesAfterBackupRestoration (16ms)
Platform modules already initialized, skipping
Shader 'WFX/Transparent Specular': fallback shader 'Particles/Alpha Blended' not found
Shader 'WFX/Transparent Diffuse': fallback shader 'Particles/Alpha Blended' not found
Refreshing native plugins compatible for Editor in 0.93 ms, found 3 plugins.
Preloading 0 native plugins for Editor in 0.00 ms.
Unloading 2330 Unused Serialized files (Serialized files now loaded: 0)
System memory in use before: 107.7 MB.
System memory in use after: 107.9 MB.

Unloading 22 unused Assets to reduce memory usage. Loaded Objects now: 2847.
Total: 7.508000 ms (FindLiveObjects: 0.597700 ms CreateObjectMapping: 0.253600 ms MarkObjects: 6.504000 ms  DeleteObjects: 0.150000 ms)

AssetImportParameters requested are different than current active one (requested -> active):
  custom:framework-win-MediaFoundation: 216162199b28c13a410421893ffa2e32 -> 
  custom:video-decoder-ogg-theora: a1e56fd34408186e4bbccfd4996cb3dc -> 
  custom:container-muxer-webm: aa71ff27fc2769a1b78a27578f13a17b -> 
  custom:container-demuxer-webm: 4f35f7cbe854078d1ac9338744f61a02 -> 
  custom:container-demuxer-ogg: 62fdf1f143b41e24485cea50d1cbac27 -> 
  custom:video-encoder-webm-vp8: eb34c28f22e8b96e1ab97ce403110664 -> 
  custom:video-decoder-webm-vp8: 9c59270c3fd7afecdb556c50c9e8de78 -> 
  custom:audio-decoder-ogg-vorbis: bf7c407c2cedff20999df2af8eb42d56 -> 
  custom:audio-encoder-webm-vorbis: bf7c407c2cedff20999df2af8eb42d56 -> 
========================================================================
Received Prepare
Registering precompiled user dll's ...
Registered in 0.081719 seconds.
Begin MonoManager ReloadAssembly
Native extension for WindowsStandalone target not found
Refreshing native plugins compatible for Editor in 1.48 ms, found 3 plugins.
Preloading 0 native plugins for Editor in 0.00 ms.
Mono: successfully reloaded assembly
- Completed reload, in  2.040 seconds
Domain Reload Profiling:
	ReloadAssembly (2040ms)
		BeginReloadAssembly (236ms)
			ExecutionOrderSort (0ms)
			DisableScriptedObjects (10ms)
			BackupInstance (0ms)
			ReleaseScriptingObjects (0ms)
			CreateAndSetChildDomain (88ms)
		EndReloadAssembly (1682ms)
			LoadAssemblies (185ms)
			RebuildTransferFunctionScriptingTraits (0ms)
			SetupTypeCache (616ms)
			ReleaseScriptCaches (1ms)
			RebuildScriptCaches (102ms)
			SetupLoadedEditorAssemblies (560ms)
				LogAssemblyErrors (0ms)
				InitializePlatformSupportModulesInManaged (10ms)
				SetLoadedEditorAssemblies (1ms)
				RefreshPlugins (2ms)
				BeforeProcessingInitializeOnLoad (159ms)
				ProcessInitializeOnLoadAttributes (360ms)
				ProcessInitializeOnLoadMethodAttributes (20ms)
				AfterProcessingInitializeOnLoad (9ms)
				EditorAssembliesLoaded (0ms)
			ExecutionOrderSort2 (0ms)
			AwakeInstancesAfterBackupRestoration (16ms)
Platform modules already initialized, skipping
Shader 'WFX/Transparent Specular': fallback shader 'Particles/Alpha Blended' not found
Shader 'WFX/Transparent Diffuse': fallback shader 'Particles/Alpha Blended' not found
Refreshing native plugins compatible for Editor in 1.43 ms, found 3 plugins.
Preloading 0 native plugins for Editor in 0.00 ms.
Unloading 2330 Unused Serialized files (Serialized files now loaded: 0)
System memory in use before: 107.7 MB.
System memory in use after: 107.9 MB.

Unloading 22 unused Assets to reduce memory usage. Loaded Objects now: 2850.
Total: 6.294100 ms (FindLiveObjects: 0.373500 ms CreateObjectMapping: 0.162500 ms MarkObjects: 5.714600 ms  DeleteObjects: 0.041400 ms)

AssetImportParameters requested are different than current active one (requested -> active):
  custom:framework-win-MediaFoundation: 216162199b28c13a410421893ffa2e32 -> 
  custom:video-decoder-ogg-theora: a1e56fd34408186e4bbccfd4996cb3dc -> 
  custom:container-muxer-webm: aa71ff27fc2769a1b78a27578f13a17b -> 
  custom:container-demuxer-webm: 4f35f7cbe854078d1ac9338744f61a02 -> 
  custom:container-demuxer-ogg: 62fdf1f143b41e24485cea50d1cbac27 -> 
  custom:video-encoder-webm-vp8: eb34c28f22e8b96e1ab97ce403110664 -> 
  custom:video-decoder-webm-vp8: 9c59270c3fd7afecdb556c50c9e8de78 -> 
  custom:audio-decoder-ogg-vorbis: bf7c407c2cedff20999df2af8eb42d56 -> 
  custom:audio-encoder-webm-vorbis: bf7c407c2cedff20999df2af8eb42d56 -> 
========================================================================
Received Prepare
Registering precompiled user dll's ...
Registered in 0.006568 seconds.
Begin MonoManager ReloadAssembly
Native extension for WindowsStandalone target not found
Refreshing native plugins compatible for Editor in 1.11 ms, found 3 plugins.
Preloading 0 native plugins for Editor in 0.00 ms.
Mono: successfully reloaded assembly
- Completed reload, in  2.126 seconds
Domain Reload Profiling:
	ReloadAssembly (2127ms)
		BeginReloadAssembly (212ms)
			ExecutionOrderSort (0ms)
			DisableScriptedObjects (12ms)
			BackupInstance (0ms)
			ReleaseScriptingObjects (0ms)
			CreateAndSetChildDomain (67ms)
		EndReloadAssembly (1767ms)
			LoadAssemblies (203ms)
			RebuildTransferFunctionScriptingTraits (0ms)
			SetupTypeCache (604ms)
			ReleaseScriptCaches (1ms)
			RebuildScriptCaches (90ms)
			SetupLoadedEditorAssemblies (553ms)
				LogAssemblyErrors (0ms)
				InitializePlatformSupportModulesInManaged (9ms)
				SetLoadedEditorAssemblies (1ms)
				RefreshPlugins (1ms)
				BeforeProcessingInitializeOnLoad (151ms)
				ProcessInitializeOnLoadAttributes (357ms)
				ProcessInitializeOnLoadMethodAttributes (25ms)
				AfterProcessingInitializeOnLoad (9ms)
				EditorAssembliesLoaded (0ms)
			ExecutionOrderSort2 (0ms)
			AwakeInstancesAfterBackupRestoration (20ms)
Platform modules already initialized, skipping
Shader 'WFX/Transparent Specular': fallback shader 'Particles/Alpha Blended' not found
Shader 'WFX/Transparent Diffuse': fallback shader 'Particles/Alpha Blended' not found
Refreshing native plugins compatible for Editor in 1.06 ms, found 3 plugins.
Preloading 0 native plugins for Editor in 0.00 ms.
Unloading 2330 Unused Serialized files (Serialized files now loaded: 0)
System memory in use before: 107.7 MB.
System memory in use after: 107.9 MB.

Unloading 22 unused Assets to reduce memory usage. Loaded Objects now: 2853.
Total: 7.096100 ms (FindLiveObjects: 0.472800 ms CreateObjectMapping: 0.213500 ms MarkObjects: 6.369700 ms  DeleteObjects: 0.038100 ms)

AssetImportParameters requested are different than current active one (requested -> active):
  custom:framework-win-MediaFoundation: 216162199b28c13a410421893ffa2e32 -> 
  custom:video-decoder-ogg-theora: a1e56fd34408186e4bbccfd4996cb3dc -> 
  custom:container-muxer-webm: aa71ff27fc2769a1b78a27578f13a17b -> 
  custom:container-demuxer-webm: 4f35f7cbe854078d1ac9338744f61a02 -> 
  custom:container-demuxer-ogg: 62fdf1f143b41e24485cea50d1cbac27 -> 
  custom:video-encoder-webm-vp8: eb34c28f22e8b96e1ab97ce403110664 -> 
  custom:video-decoder-webm-vp8: 9c59270c3fd7afecdb556c50c9e8de78 -> 
  custom:audio-decoder-ogg-vorbis: bf7c407c2cedff20999df2af8eb42d56 -> 
  custom:audio-encoder-webm-vorbis: bf7c407c2cedff20999df2af8eb42d56 -> 
========================================================================
Received Prepare
Registering precompiled user dll's ...
Registered in 0.008478 seconds.
Begin MonoManager ReloadAssembly
Native extension for WindowsStandalone target not found
Refreshing native plugins compatible for Editor in 0.88 ms, found 3 plugins.
Preloading 0 native plugins for Editor in 0.00 ms.
Mono: successfully reloaded assembly
- Completed reload, in  1.973 seconds
Domain Reload Profiling:
	ReloadAssembly (1973ms)
		BeginReloadAssembly (204ms)
			ExecutionOrderSort (0ms)
			DisableScriptedObjects (10ms)
			BackupInstance (0ms)
			ReleaseScriptingObjects (0ms)
			CreateAndSetChildDomain (71ms)
		EndReloadAssembly (1662ms)
			LoadAssemblies (171ms)
			RebuildTransferFunctionScriptingTraits (0ms)
			SetupTypeCache (638ms)
			ReleaseScriptCaches (2ms)
			RebuildScriptCaches (88ms)
			SetupLoadedEditorAssemblies (565ms)
				LogAssemblyErrors (0ms)
				InitializePlatformSupportModulesInManaged (8ms)
				SetLoadedEditorAssemblies (1ms)
				RefreshPlugins (1ms)
				BeforeProcessingInitializeOnLoad (166ms)
				ProcessInitializeOnLoadAttributes (352ms)
				ProcessInitializeOnLoadMethodAttributes (26ms)
				AfterProcessingInitializeOnLoad (11ms)
				EditorAssembliesLoaded (0ms)
			ExecutionOrderSort2 (0ms)
			AwakeInstancesAfterBackupRestoration (19ms)
Platform modules already initialized, skipping
Shader 'WFX/Transparent Specular': fallback shader 'Particles/Alpha Blended' not found
Shader 'WFX/Transparent Diffuse': fallback shader 'Particles/Alpha Blended' not found
Refreshing native plugins compatible for Editor in 0.96 ms, found 3 plugins.
Preloading 0 native plugins for Editor in 0.00 ms.
Unloading 2330 Unused Serialized files (Serialized files now loaded: 0)
System memory in use before: 107.6 MB.
System memory in use after: 107.8 MB.

Unloading 22 unused Assets to reduce memory usage. Loaded Objects now: 2856.
Total: 6.183500 ms (FindLiveObjects: 0.349000 ms CreateObjectMapping: 0.208300 ms MarkObjects: 5.592500 ms  DeleteObjects: 0.032300 ms)

AssetImportParameters requested are different than current active one (requested -> active):
  custom:framework-win-MediaFoundation: 216162199b28c13a410421893ffa2e32 -> 
  custom:video-decoder-ogg-theora: a1e56fd34408186e4bbccfd4996cb3dc -> 
  custom:container-muxer-webm: aa71ff27fc2769a1b78a27578f13a17b -> 
  custom:container-demuxer-webm: 4f35f7cbe854078d1ac9338744f61a02 -> 
  custom:container-demuxer-ogg: 62fdf1f143b41e24485cea50d1cbac27 -> 
  custom:video-encoder-webm-vp8: eb34c28f22e8b96e1ab97ce403110664 -> 
  custom:video-decoder-webm-vp8: 9c59270c3fd7afecdb556c50c9e8de78 -> 
  custom:audio-decoder-ogg-vorbis: bf7c407c2cedff20999df2af8eb42d56 -> 
  custom:audio-encoder-webm-vorbis: bf7c407c2cedff20999df2af8eb42d56 -> 
========================================================================
Received Prepare
Registering precompiled user dll's ...
Registered in 0.006576 seconds.
Begin MonoManager ReloadAssembly
Native extension for WindowsStandalone target not found
Refreshing native plugins compatible for Editor in 0.96 ms, found 3 plugins.
Preloading 0 native plugins for Editor in 0.00 ms.
Mono: successfully reloaded assembly
- Completed reload, in  1.867 seconds
Domain Reload Profiling:
	ReloadAssembly (1868ms)
		BeginReloadAssembly (183ms)
			ExecutionOrderSort (0ms)
			DisableScriptedObjects (10ms)
			BackupInstance (0ms)
			ReleaseScriptingObjects (0ms)
			CreateAndSetChildDomain (60ms)
		EndReloadAssembly (1575ms)
			LoadAssemblies (146ms)
			RebuildTransferFunctionScriptingTraits (0ms)
			SetupTypeCache (606ms)
			ReleaseScriptCaches (1ms)
			RebuildScriptCaches (71ms)
			SetupLoadedEditorAssemblies (564ms)
				LogAssemblyErrors (0ms)
				InitializePlatformSupportModulesInManaged (9ms)
				SetLoadedEditorAssemblies (1ms)
				RefreshPlugins (1ms)
				BeforeProcessingInitializeOnLoad (143ms)
				ProcessInitializeOnLoadAttributes (376ms)
				ProcessInitializeOnLoadMethodAttributes (22ms)
				AfterProcessingInitializeOnLoad (11ms)
				EditorAssembliesLoaded (0ms)
			ExecutionOrderSort2 (0ms)
			AwakeInstancesAfterBackupRestoration (18ms)
Platform modules already initialized, skipping
Shader 'WFX/Transparent Specular': fallback shader 'Particles/Alpha Blended' not found
Shader 'WFX/Transparent Diffuse': fallback shader 'Particles/Alpha Blended' not found
Refreshing native plugins compatible for Editor in 1.42 ms, found 3 plugins.
Preloading 0 native plugins for Editor in 0.00 ms.
Unloading 2330 Unused Serialized files (Serialized files now loaded: 0)
System memory in use before: 107.7 MB.
System memory in use after: 107.9 MB.

Unloading 22 unused Assets to reduce memory usage. Loaded Objects now: 2859.
Total: 5.243600 ms (FindLiveObjects: 0.362800 ms CreateObjectMapping: 0.158400 ms MarkObjects: 4.689800 ms  DeleteObjects: 0.031000 ms)

AssetImportParameters requested are different than current active one (requested -> active):
  custom:framework-win-MediaFoundation: 216162199b28c13a410421893ffa2e32 -> 
  custom:video-decoder-ogg-theora: a1e56fd34408186e4bbccfd4996cb3dc -> 
  custom:container-muxer-webm: aa71ff27fc2769a1b78a27578f13a17b -> 
  custom:container-demuxer-webm: 4f35f7cbe854078d1ac9338744f61a02 -> 
  custom:container-demuxer-ogg: 62fdf1f143b41e24485cea50d1cbac27 -> 
  custom:video-encoder-webm-vp8: eb34c28f22e8b96e1ab97ce403110664 -> 
  custom:video-decoder-webm-vp8: 9c59270c3fd7afecdb556c50c9e8de78 -> 
  custom:audio-decoder-ogg-vorbis: bf7c407c2cedff20999df2af8eb42d56 -> 
  custom:audio-encoder-webm-vorbis: bf7c407c2cedff20999df2af8eb42d56 -> 
========================================================================
Received Prepare
Registering precompiled user dll's ...
Registered in 0.007844 seconds.
Begin MonoManager ReloadAssembly
Native extension for WindowsStandalone target not found
Refreshing native plugins compatible for Editor in 1.33 ms, found 3 plugins.
Preloading 0 native plugins for Editor in 0.00 ms.
Mono: successfully reloaded assembly
- Completed reload, in  2.097 seconds
Domain Reload Profiling:
	ReloadAssembly (2098ms)
		BeginReloadAssembly (206ms)
			ExecutionOrderSort (0ms)
			DisableScriptedObjects (9ms)
			BackupInstance (0ms)
			ReleaseScriptingObjects (0ms)
			CreateAndSetChildDomain (67ms)
		EndReloadAssembly (1763ms)
			LoadAssemblies (178ms)
			RebuildTransferFunctionScriptingTraits (0ms)
			SetupTypeCache (622ms)
			ReleaseScriptCaches (2ms)
			RebuildScriptCaches (84ms)
			SetupLoadedEditorAssemblies (663ms)
				LogAssemblyErrors (0ms)
				InitializePlatformSupportModulesInManaged (12ms)
				SetLoadedEditorAssemblies (1ms)
				RefreshPlugins (1ms)
				BeforeProcessingInitializeOnLoad (177ms)
				ProcessInitializeOnLoadAttributes (439ms)
				ProcessInitializeOnLoadMethodAttributes (22ms)
				AfterProcessingInitializeOnLoad (9ms)
				EditorAssembliesLoaded (0ms)
			ExecutionOrderSort2 (0ms)
			AwakeInstancesAfterBackupRestoration (17ms)
Platform modules already initialized, skipping
Shader 'WFX/Transparent Specular': fallback shader 'Particles/Alpha Blended' not found
Shader 'WFX/Transparent Diffuse': fallback shader 'Particles/Alpha Blended' not found
Refreshing native plugins compatible for Editor in 0.89 ms, found 3 plugins.
Preloading 0 native plugins for Editor in 0.00 ms.
Unloading 2330 Unused Serialized files (Serialized files now loaded: 0)
System memory in use before: 107.7 MB.
System memory in use after: 107.9 MB.

Unloading 22 unused Assets to reduce memory usage. Loaded Objects now: 2862.
Total: 6.450900 ms (FindLiveObjects: 0.410500 ms CreateObjectMapping: 0.179500 ms MarkObjects: 5.824700 ms  DeleteObjects: 0.034300 ms)

AssetImportParameters requested are different than current active one (requested -> active):
  custom:framework-win-MediaFoundation: 216162199b28c13a410421893ffa2e32 -> 
  custom:video-decoder-ogg-theora: a1e56fd34408186e4bbccfd4996cb3dc -> 
  custom:container-muxer-webm: aa71ff27fc2769a1b78a27578f13a17b -> 
  custom:container-demuxer-webm: 4f35f7cbe854078d1ac9338744f61a02 -> 
  custom:container-demuxer-ogg: 62fdf1f143b41e24485cea50d1cbac27 -> 
  custom:video-encoder-webm-vp8: eb34c28f22e8b96e1ab97ce403110664 -> 
  custom:video-decoder-webm-vp8: 9c59270c3fd7afecdb556c50c9e8de78 -> 
  custom:audio-decoder-ogg-vorbis: bf7c407c2cedff20999df2af8eb42d56 -> 
  custom:audio-encoder-webm-vorbis: bf7c407c2cedff20999df2af8eb42d56 -> 
========================================================================
Received Import Request.
  Time since last request: 2952.117426 seconds.
  path: Assets/PortalResources/PortalGun.prefab
  artifactKey: Guid(79b7489b43b2b5a4d84ca7fca3ccacc2) Importer(815301076,1909f56bfc062723c751e8b465ee728b)
Start importing Assets/PortalResources/PortalGun.prefab using Guid(79b7489b43b2b5a4d84ca7fca3ccacc2) Importer(815301076,1909f56bfc062723c751e8b465ee728b)  -> (artifact id: '02acfd77a8d97f87880bca56681083c7') in 0.296607 seconds 
  Import took 0.319440 seconds .

========================================================================
Received Prepare
Registering precompiled user dll's ...
Registered in 0.008003 seconds.
Begin MonoManager ReloadAssembly
Native extension for WindowsStandalone target not found
Refreshing native plugins compatible for Editor in 0.95 ms, found 3 plugins.
Preloading 0 native plugins for Editor in 0.00 ms.
Mono: successfully reloaded assembly
- Completed reload, in  1.862 seconds
Domain Reload Profiling:
	ReloadAssembly (1863ms)
		BeginReloadAssembly (183ms)
			ExecutionOrderSort (0ms)
			DisableScriptedObjects (10ms)
			BackupInstance (0ms)
			ReleaseScriptingObjects (0ms)
			CreateAndSetChildDomain (61ms)
		EndReloadAssembly (1574ms)
			LoadAssemblies (163ms)
			RebuildTransferFunctionScriptingTraits (0ms)
			SetupTypeCache (587ms)
			ReleaseScriptCaches (2ms)
			RebuildScriptCaches (72ms)
			SetupLoadedEditorAssemblies (535ms)
				LogAssemblyErrors (0ms)
				InitializePlatformSupportModulesInManaged (9ms)
				SetLoadedEditorAssemblies (1ms)
				RefreshPlugins (1ms)
				BeforeProcessingInitializeOnLoad (145ms)
				ProcessInitializeOnLoadAttributes (350ms)
				ProcessInitializeOnLoadMethodAttributes (20ms)
				AfterProcessingInitializeOnLoad (9ms)
				EditorAssembliesLoaded (0ms)
			ExecutionOrderSort2 (0ms)
			AwakeInstancesAfterBackupRestoration (16ms)
Platform modules already initialized, skipping
Shader 'WFX/Transparent Specular': fallback shader 'Particles/Alpha Blended' not found
Shader 'WFX/Transparent Diffuse': fallback shader 'Particles/Alpha Blended' not found
Refreshing native plugins compatible for Editor in 0.89 ms, found 3 plugins.
Preloading 0 native plugins for Editor in 0.00 ms.
Unloading 2330 Unused Serialized files (Serialized files now loaded: 0)
System memory in use before: 107.7 MB.
System memory in use after: 107.9 MB.

Unloading 22 unused Assets to reduce memory usage. Loaded Objects now: 2866.
Total: 5.083900 ms (FindLiveObjects: 0.326300 ms CreateObjectMapping: 0.151200 ms MarkObjects: 4.574600 ms  DeleteObjects: 0.030200 ms)

AssetImportParameters requested are different than current active one (requested -> active):
  custom:framework-win-MediaFoundation: 216162199b28c13a410421893ffa2e32 -> 
  custom:video-decoder-ogg-theora: a1e56fd34408186e4bbccfd4996cb3dc -> 
  custom:container-muxer-webm: aa71ff27fc2769a1b78a27578f13a17b -> 
  custom:container-demuxer-webm: 4f35f7cbe854078d1ac9338744f61a02 -> 
  custom:container-demuxer-ogg: 62fdf1f143b41e24485cea50d1cbac27 -> 
  custom:video-encoder-webm-vp8: eb34c28f22e8b96e1ab97ce403110664 -> 
  custom:video-decoder-webm-vp8: 9c59270c3fd7afecdb556c50c9e8de78 -> 
  custom:audio-decoder-ogg-vorbis: bf7c407c2cedff20999df2af8eb42d56 -> 
  custom:audio-encoder-webm-vorbis: bf7c407c2cedff20999df2af8eb42d56 -> 
========================================================================
Received Prepare
Registering precompiled user dll's ...
Registered in 0.007266 seconds.
Begin MonoManager ReloadAssembly
Native extension for WindowsStandalone target not found
Refreshing native plugins compatible for Editor in 1.44 ms, found 3 plugins.
Preloading 0 native plugins for Editor in 0.00 ms.
Mono: successfully reloaded assembly
- Completed reload, in  2.128 seconds
Domain Reload Profiling:
	ReloadAssembly (2129ms)
		BeginReloadAssembly (262ms)
			ExecutionOrderSort (0ms)
			DisableScriptedObjects (11ms)
			BackupInstance (0ms)
			ReleaseScriptingObjects (0ms)
			CreateAndSetChildDomain (112ms)
		EndReloadAssembly (1753ms)
			LoadAssemblies (341ms)
			RebuildTransferFunctionScriptingTraits (0ms)
			SetupTypeCache (566ms)
			ReleaseScriptCaches (2ms)
			RebuildScriptCaches (72ms)
			SetupLoadedEditorAssemblies (572ms)
				LogAssemblyErrors (0ms)
				InitializePlatformSupportModulesInManaged (9ms)
				SetLoadedEditorAssemblies (1ms)
				RefreshPlugins (2ms)
				BeforeProcessingInitializeOnLoad (160ms)
				ProcessInitializeOnLoadAttributes (370ms)
				ProcessInitializeOnLoadMethodAttributes (20ms)
				AfterProcessingInitializeOnLoad (9ms)
				EditorAssembliesLoaded (0ms)
			ExecutionOrderSort2 (0ms)
			AwakeInstancesAfterBackupRestoration (15ms)
Platform modules already initialized, skipping
Shader 'WFX/Transparent Specular': fallback shader 'Particles/Alpha Blended' not found
Shader 'WFX/Transparent Diffuse': fallback shader 'Particles/Alpha Blended' not found
Refreshing native plugins compatible for Editor in 0.88 ms, found 3 plugins.
Preloading 0 native plugins for Editor in 0.00 ms.
Unloading 2330 Unused Serialized files (Serialized files now loaded: 0)
System memory in use before: 107.7 MB.
System memory in use after: 108.0 MB.

Unloading 22 unused Assets to reduce memory usage. Loaded Objects now: 2869.
Total: 5.636900 ms (FindLiveObjects: 0.413500 ms CreateObjectMapping: 0.173400 ms MarkObjects: 5.012500 ms  DeleteObjects: 0.036200 ms)

AssetImportParameters requested are different than current active one (requested -> active):
  custom:framework-win-MediaFoundation: 216162199b28c13a410421893ffa2e32 -> 
  custom:video-decoder-ogg-theora: a1e56fd34408186e4bbccfd4996cb3dc -> 
  custom:container-muxer-webm: aa71ff27fc2769a1b78a27578f13a17b -> 
  custom:container-demuxer-webm: 4f35f7cbe854078d1ac9338744f61a02 -> 
  custom:container-demuxer-ogg: 62fdf1f143b41e24485cea50d1cbac27 -> 
  custom:video-encoder-webm-vp8: eb34c28f22e8b96e1ab97ce403110664 -> 
  custom:video-decoder-webm-vp8: 9c59270c3fd7afecdb556c50c9e8de78 -> 
  custom:audio-decoder-ogg-vorbis: bf7c407c2cedff20999df2af8eb42d56 -> 
  custom:audio-encoder-webm-vorbis: bf7c407c2cedff20999df2af8eb42d56 -> 
========================================================================
Received Prepare
Registering precompiled user dll's ...
Registered in 0.331279 seconds.
Begin MonoManager ReloadAssembly
Native extension for WindowsStandalone target not found
Refreshing native plugins compatible for Editor in 1.03 ms, found 3 plugins.
Preloading 0 native plugins for Editor in 0.00 ms.
[ScriptCompilation] NOT recompiling all scripts because this is an import worker process. Reason to compile was: Define symbols changed
PlayerSettings Validation: Requested build target group (20) doesn't exist; #define symbols for scripting won't be added.
UnityEngine.StackTraceUtility:ExtractStackTrace ()
UnityEditor.PlayerSettings:SetScriptingDefineSymbolsForGroup (UnityEditor.BuildTargetGroup,string)
UnityStandardAssets.CrossPlatformInput.Inspector.CrossPlatformInitialize:SetEnabled (string,bool,bool) (at Assets/Portal/Standard Assets/Editor/CrossPlatformInput/CrossPlatformInputInitialize.cs:125)
UnityStandardAssets.CrossPlatformInput.Inspector.CrossPlatformInitialize:.cctor () (at Assets/Portal/Standard Assets/Editor/CrossPlatformInput/CrossPlatformInputInitialize.cs:22)
System.Runtime.CompilerServices.RuntimeHelpers:RunClassConstructor (System.RuntimeTypeHandle)
UnityEditor.EditorAssemblies:ProcessInitializeOnLoadAttributes (System.Type[])

[Assets/Portal/Standard Assets/Editor/CrossPlatformInput/CrossPlatformInputInitialize.cs line 125]

Mono: successfully reloaded assembly
- Completed reload, in  2.346 seconds
Domain Reload Profiling:
	ReloadAssembly (2366ms)
		BeginReloadAssembly (401ms)
			ExecutionOrderSort (0ms)
			DisableScriptedObjects (51ms)
			BackupInstance (0ms)
			ReleaseScriptingObjects (1ms)
			CreateAndSetChildDomain (188ms)
		EndReloadAssembly (1812ms)
			LoadAssemblies (197ms)
			RebuildTransferFunctionScriptingTraits (0ms)
			SetupTypeCache (683ms)
			ReleaseScriptCaches (2ms)
			RebuildScriptCaches (93ms)
			SetupLoadedEditorAssemblies (603ms)
				LogAssemblyErrors (0ms)
				InitializePlatformSupportModulesInManaged (11ms)
				SetLoadedEditorAssemblies (1ms)
				RefreshPlugins (1ms)
				BeforeProcessingInitializeOnLoad (139ms)
				ProcessInitializeOnLoadAttributes (413ms)
				ProcessInitializeOnLoadMethodAttributes (24ms)
				AfterProcessingInitializeOnLoad (13ms)
				EditorAssembliesLoaded (1ms)
			ExecutionOrderSort2 (0ms)
			AwakeInstancesAfterBackupRestoration (25ms)
Platform modules already initialized, skipping
Shader 'WFX/Transparent Specular': fallback shader 'Particles/Alpha Blended' not found
Shader 'WFX/Transparent Diffuse': fallback shader 'Particles/Alpha Blended' not found
Refreshing native plugins compatible for Editor in 1.04 ms, found 3 plugins.
Preloading 0 native plugins for Editor in 0.00 ms.
Unloading 2554 Unused Serialized files (Serialized files now loaded: 0)
System memory in use before: 127.5 MB.
System memory in use after: 121.2 MB.

Unloading 64 unused Assets to reduce memory usage. Loaded Objects now: 3058.
Total: 10.685600 ms (FindLiveObjects: 0.456600 ms CreateObjectMapping: 0.303300 ms MarkObjects: 5.135200 ms  DeleteObjects: 4.788500 ms)

AssetImportParameters requested are different than current active one (requested -> active):
  custom:framework-win-MediaFoundation: 216162199b28c13a410421893ffa2e32 -> 
  custom:video-decoder-ogg-theora: a1e56fd34408186e4bbccfd4996cb3dc -> 
  custom:container-muxer-webm: aa71ff27fc2769a1b78a27578f13a17b -> 
  custom:container-demuxer-webm: 4f35f7cbe854078d1ac9338744f61a02 -> 
  custom:container-demuxer-ogg: 62fdf1f143b41e24485cea50d1cbac27 -> 
  custom:video-encoder-webm-vp8: eb34c28f22e8b96e1ab97ce403110664 -> 
  custom:video-decoder-webm-vp8: 9c59270c3fd7afecdb556c50c9e8de78 -> 
  custom:audio-decoder-ogg-vorbis: bf7c407c2cedff20999df2af8eb42d56 -> 
  custom:audio-encoder-webm-vorbis: bf7c407c2cedff20999df2af8eb42d56 -> 
AssetImportWorkerClient::OnTransportError - code=2 error=End of file
